\BOOKMARK [0][-]{chapter.1}{はじめに }{}% 1
\BOOKMARK [0][-]{chapter.2}{修論\134cdot卒論クラスファイルの利用方法 }{}% 2
\BOOKMARK [1][-]{section.2.1}{インストール}{chapter.2}% 3
\BOOKMARK [1][-]{section.2.2}{ドキュメントスタイル}{chapter.2}% 4
\BOOKMARK [1][-]{section.2.3}{文字数，行数の設定}{chapter.2}% 5
\BOOKMARK [1][-]{section.2.4}{表紙}{chapter.2}% 6
\BOOKMARK [1][-]{section.2.5}{英文要旨}{chapter.2}% 7
\BOOKMARK [1][-]{section.2.6}{目次}{chapter.2}% 8
\BOOKMARK [1][-]{section.2.7}{本文}{chapter.2}% 9
\BOOKMARK [1][-]{section.2.8}{章題}{chapter.2}% 10
\BOOKMARK [2][-]{subsection.2.8.1}{脚注}{section.2.8}% 11
\BOOKMARK [2][-]{subsection.2.8.2}{図表}{section.2.8}% 12
\BOOKMARK [1][-]{section.2.9}{謝辞}{chapter.2}% 13
\BOOKMARK [1][-]{section.2.10}{相互参照}{chapter.2}% 14
\BOOKMARK [1][-]{section.2.11}{参考文献}{chapter.2}% 15
\BOOKMARK [1][-]{section.2.12}{付録}{chapter.2}% 16
\BOOKMARK [0][-]{chapter.3}{おわりに }{}% 17
\BOOKMARK [0][-]{chapter*.3}{謝 辞}{}% 18
\BOOKMARK [0][-]{chapter*.4}{参 考 文 献}{}% 19
\BOOKMARK [0][-]{appendix.A}{改版履歴 }{}% 20
\BOOKMARK [0][-]{appendix.B}{レイアウト・パラメータ }{}% 21
